<?xml version="1.0" encoding="UTF-8"?>
<!-- Generated by org.testng.reporters.JUnitReportReporter -->
<testsuite hostname="dac-36" failures="0" tests="1" name="com.testngclass.test.TestAppClass" time="0.007" errors="0" timestamp="12 Dec 2024 14:57:41 GMT">
  <testcase classname="com.testngclass.test.TestAppClass" name="f" time="0.007"/>
</testsuite> <!-- com.testngclass.test.TestAppClass -->
